# JRE version: Java(TM) SE Runtime Environment (8.0_131-b11) (build 1.8.0_131-b11)
# Java VM: Java HotSpot(TM) 64-Bit Server VM (25.131-b11 mixed mode windows-amd64 compressed oops)
Heap:
 PSYoungGen      total 232448K, used 32843K [0x000000076e000000, 0x000000077dc00000, 0x00000007c0000000)
  eden space 216576K, 15% used [0x000000076e000000,0x0000000770012f60,0x000000077b380000)
  from space 15872K, 0% used [0x000000077cc80000,0x000000077cc80000,0x000000077dc00000)
  to   space 19456K, 0% used [0x000000077b600000,0x000000077b600000,0x000000077c900000)
 ParOldGen       total 218112K, used 30775K [0x00000006ca000000, 0x00000006d7500000, 0x000000076e000000)
  object space 218112K, 14% used [0x00000006ca000000,0x00000006cbe0df08,0x00000006d7500000)
 Metaspace       used 57466K, capacity 61646K, committed 61872K, reserved 1103872K
  class space    used 7518K, capacity 8316K, committed 8368K, reserved 1048576K
GC Heap History (10 events):
Event: 3.600 GC heap before
{Heap before GC invocations=7 (full 1):
 PSYoungGen      total 134144K, used 123387K [0x000000076e000000, 0x0000000779500000, 0x00000007c0000000)
  eden space 123904K, 91% used [0x000000076e000000,0x0000000774e81760,0x0000000775900000)
  from space 10240K, 99% used [0x0000000775900000,0x00000007762fd568,0x0000000776300000)
  to   space 12288K, 0% used [0x0000000778900000,0x0000000778900000,0x0000000779500000)
 ParOldGen       total 95232K, used 7343K [0x00000006ca000000, 0x00000006cfd00000, 0x000000076e000000)
  object space 95232K, 7% used [0x00000006ca000000,0x00000006ca72bc20,0x00000006cfd00000)
 Metaspace       used 33150K, capacity 35422K, committed 35496K, reserved 1079296K
  class space    used 4414K, capacity 4895K, committed 4912K, reserved 1048576K
Event: 3.608 GC heap after
Heap after GC invocations=7 (full 1):
 PSYoungGen      total 170496K, used 12280K [0x000000076e000000, 0x000000077bb00000, 0x00000007c0000000)
  eden space 158208K, 0% used [0x000000076e000000,0x000000076e000000,0x0000000777a80000)
  from space 12288K, 99% used [0x0000000778900000,0x00000007794fe3a8,0x0000000779500000)
  to   space 14848K, 0% used [0x0000000777a80000,0x0000000777a80000,0x0000000778900000)
 ParOldGen       total 95232K, used 8654K [0x00000006ca000000, 0x00000006cfd00000, 0x000000076e000000)
  object space 95232K, 9% used [0x00000006ca000000,0x00000006ca873ac0,0x00000006cfd00000)
 Metaspace       used 33150K, capacity 35422K, committed 35496K, reserved 1079296K
  class space    used 4414K, capacity 4895K, committed 4912K, reserved 1048576K
}
Event: 3.608 GC heap before
{Heap before GC invocations=8 (full 2):
 PSYoungGen      total 170496K, used 12280K [0x000000076e000000, 0x000000077bb00000, 0x00000007c0000000)
  eden space 158208K, 0% used [0x000000076e000000,0x000000076e000000,0x0000000777a80000)
  from space 12288K, 99% used [0x0000000778900000,0x00000007794fe3a8,0x0000000779500000)
  to   space 14848K, 0% used [0x0000000777a80000,0x0000000777a80000,0x0000000778900000)
 ParOldGen       total 95232K, used 8654K [0x00000006ca000000, 0x00000006cfd00000, 0x000000076e000000)
  object space 95232K, 9% used [0x00000006ca000000,0x00000006ca873ac0,0x00000006cfd00000)
 Metaspace       used 33150K, capacity 35422K, committed 35496K, reserved 1079296K
  class space    used 4414K, capacity 4895K, committed 4912K, reserved 1048576K
Event: 3.642 GC heap after
Heap after GC invocations=8 (full 2):
 PSYoungGen      total 170496K, used 0K [0x000000076e000000, 0x000000077bb00000, 0x00000007c0000000)
  eden space 158208K, 0% used [0x000000076e000000,0x000000076e000000,0x0000000777a80000)
  from space 12288K, 0% used [0x0000000778900000,0x0000000778900000,0x0000000779500000)
  to   space 14848K, 0% used [0x0000000777a80000,0x0000000777a80000,0x0000000778900000)
 ParOldGen       total 154624K, used 18042K [0x00000006ca000000, 0x00000006d3700000, 0x000000076e000000)
  object space 154624K, 11% used [0x00000006ca000000,0x00000006cb19ebf8,0x00000006d3700000)
 Metaspace       used 33150K, capacity 35422K, committed 35496K, reserved 1079296K
  class space    used 4414K, capacity 4895K, committed 4912K, reserved 1048576K
}
Event: 5.280 GC heap before
{Heap before GC invocations=9 (full 2):
 PSYoungGen      total 170496K, used 158208K [0x000000076e000000, 0x000000077bb00000, 0x00000007c0000000)
  eden space 158208K, 100% used [0x000000076e000000,0x0000000777a80000,0x0000000777a80000)
  from space 12288K, 0% used [0x0000000778900000,0x0000000778900000,0x0000000779500000)
  to   space 14848K, 0% used [0x0000000777a80000,0x0000000777a80000,0x0000000778900000)
 ParOldGen       total 154624K, used 18042K [0x00000006ca000000, 0x00000006d3700000, 0x000000076e000000)
  object space 154624K, 11% used [0x00000006ca000000,0x00000006cb19ebf8,0x00000006d3700000)
 Metaspace       used 43377K, capacity 46466K, committed 46640K, reserved 1089536K
  class space    used 5812K, capacity 6396K, committed 6448K, reserved 1048576K
Event: 5.289 GC heap after
Heap after GC invocations=9 (full 2):
 PSYoungGen      total 173056K, used 13179K [0x000000076e000000, 0x000000077dc00000, 0x00000007c0000000)
  eden space 158208K, 0% used [0x000000076e000000,0x000000076e000000,0x0000000777a80000)
  from space 14848K, 88% used [0x0000000777a80000,0x000000077875eca0,0x0000000778900000)
  to   space 15872K, 0% used [0x000000077cc80000,0x000000077cc80000,0x000000077dc00000)
 ParOldGen       total 154624K, used 18115K [0x00000006ca000000, 0x00000006d3700000, 0x000000076e000000)
  object space 154624K, 11% used [0x00000006ca000000,0x00000006cb1b0c08,0x00000006d3700000)
 Metaspace       used 43377K, capacity 46466K, committed 46640K, reserved 1089536K
  class space    used 5812K, capacity 6396K, committed 6448K, reserved 1048576K
}
Event: 13.586 GC heap before
{Heap before GC invocations=10 (full 2):
 PSYoungGen      total 173056K, used 171301K [0x000000076e000000, 0x000000077dc00000, 0x00000007c0000000)
  eden space 158208K, 99% used [0x000000076e000000,0x0000000777a6a888,0x0000000777a80000)
  from space 14848K, 88% used [0x0000000777a80000,0x000000077875eca0,0x0000000778900000)
  to   space 15872K, 0% used [0x000000077cc80000,0x000000077cc80000,0x000000077dc00000)
 ParOldGen       total 154624K, used 18115K [0x00000006ca000000, 0x00000006d3700000, 0x000000076e000000)
  object space 154624K, 11% used [0x00000006ca000000,0x00000006cb1b0c08,0x00000006d3700000)
 Metaspace       used 54927K, capacity 59012K, committed 59160K, reserved 1099776K
  class space    used 7253K, capacity 8027K, committed 8112K, reserved 1048576K
Event: 13.598 GC heap after
Heap after GC invocations=10 (full 2):
 PSYoungGen      total 232448K, used 15853K [0x000000076e000000, 0x000000077dc00000, 0x00000007c0000000)
  eden space 216576K, 0% used [0x000000076e000000,0x000000076e000000,0x000000077b380000)
  from space 15872K, 99% used [0x000000077cc80000,0x000000077dbfb698,0x000000077dc00000)
  to   space 19456K, 0% used [0x000000077b600000,0x000000077b600000,0x000000077c900000)
 ParOldGen       total 154624K, used 21999K [0x00000006ca000000, 0x00000006d3700000, 0x000000076e000000)
  object space 154624K, 14% used [0x00000006ca000000,0x00000006cb57bc60,0x00000006d3700000)
 Metaspace       used 54927K, capacity 59012K, committed 59160K, reserved 1099776K
  class space    used 7253K, capacity 8027K, committed 8112K, reserved 1048576K
}
Event: 13.598 GC heap before
{Heap before GC invocations=11 (full 3):
 PSYoungGen      total 232448K, used 15853K [0x000000076e000000, 0x000000077dc00000, 0x00000007c0000000)
  eden space 216576K, 0% used [0x000000076e000000,0x000000076e000000,0x000000077b380000)
  from space 15872K, 99% used [0x000000077cc80000,0x000000077dbfb698,0x000000077dc00000)
  to   space 19456K, 0% used [0x000000077b600000,0x000000077b600000,0x000000077c900000)
 ParOldGen       total 154624K, used 21999K [0x00000006ca000000, 0x00000006d3700000, 0x000000076e000000)
  object space 154624K, 14% used [0x00000006ca000000,0x00000006cb57bc60,0x00000006d3700000)
 Metaspace       used 54927K, capacity 59012K, committed 59160K, reserved 1099776K
  class space    used 7253K, capacity 8027K, committed 8112K, reserved 1048576K
Event: 13.702 GC heap after
Heap after GC invocations=11 (full 3):
 PSYoungGen      total 232448K, used 0K [0x000000076e000000, 0x000000077dc00000, 0x00000007c0000000)
  eden space 216576K, 0% used [0x000000076e000000,0x000000076e000000,0x000000077b380000)
  from space 15872K, 0% used [0x000000077cc80000,0x000000077cc80000,0x000000077dc00000)
  to   space 19456K, 0% used [0x000000077b600000,0x000000077b600000,0x000000077c900000)
 ParOldGen       total 218112K, used 30775K [0x00000006ca000000, 0x00000006d7500000, 0x000000076e000000)
  object space 218112K, 14% used [0x00000006ca000000,0x00000006cbe0df08,0x00000006d7500000)
 Metaspace       used 54924K, capacity 59006K, committed 59160K, reserved 1099776K
  class space    used 7252K, capacity 8026K, committed 8112K, reserved 1048576K
}

