# JRE version: Java(TM) SE Runtime Environment (8.0_131-b11) (build 1.8.0_131-b11)
# Java VM: Java HotSpot(TM) 64-Bit Server VM (25.131-b11 mixed mode windows-amd64 compressed oops)
Heap:
 PSYoungGen      total 242688K, used 11209K [0x000000076e000000, 0x000000077e680000, 0x00000007c0000000)
  eden space 226816K, 4% used [0x000000076e000000,0x000000076eaf24f8,0x000000077bd80000)
  from space 15872K, 0% used [0x000000077d700000,0x000000077d700000,0x000000077e680000)
  to   space 19456K, 0% used [0x000000077c080000,0x000000077c080000,0x000000077d380000)
 ParOldGen       total 208896K, used 30543K [0x00000006ca000000, 0x00000006d6c00000, 0x000000076e000000)
  object space 208896K, 14% used [0x00000006ca000000,0x00000006cbdd3d20,0x00000006d6c00000)
 Metaspace       used 56037K, capacity 60100K, committed 60312K, reserved 1101824K
  class space    used 7348K, capacity 8111K, committed 8112K, reserved 1048576K
GC Heap History (10 events):
Event: 4.414 GC heap before
{Heap before GC invocations=7 (full 1):
 PSYoungGen      total 134144K, used 124138K [0x000000076e000000, 0x0000000779a00000, 0x00000007c0000000)
  eden space 123904K, 91% used [0x000000076e000000,0x0000000774f42130,0x0000000775900000)
  from space 10240K, 99% used [0x0000000775900000,0x00000007762f8838,0x0000000776300000)
  to   space 12288K, 0% used [0x0000000778e00000,0x0000000778e00000,0x0000000779a00000)
 ParOldGen       total 93696K, used 7317K [0x00000006ca000000, 0x00000006cfb80000, 0x000000076e000000)
  object space 93696K, 7% used [0x00000006ca000000,0x00000006ca725438,0x00000006cfb80000)
 Metaspace       used 33162K, capacity 35426K, committed 35496K, reserved 1079296K
  class space    used 4417K, capacity 4895K, committed 4912K, reserved 1048576K
Event: 4.423 GC heap after
Heap after GC invocations=7 (full 1):
 PSYoungGen      total 175616K, used 12285K [0x000000076e000000, 0x000000077be80000, 0x00000007c0000000)
  eden space 163328K, 0% used [0x000000076e000000,0x000000076e000000,0x0000000777f80000)
  from space 12288K, 99% used [0x0000000778e00000,0x00000007799ff768,0x0000000779a00000)
  to   space 14848K, 0% used [0x0000000777f80000,0x0000000777f80000,0x0000000778e00000)
 ParOldGen       total 93696K, used 8722K [0x00000006ca000000, 0x00000006cfb80000, 0x000000076e000000)
  object space 93696K, 9% used [0x00000006ca000000,0x00000006ca884a00,0x00000006cfb80000)
 Metaspace       used 33162K, capacity 35426K, committed 35496K, reserved 1079296K
  class space    used 4417K, capacity 4895K, committed 4912K, reserved 1048576K
}
Event: 4.423 GC heap before
{Heap before GC invocations=8 (full 2):
 PSYoungGen      total 175616K, used 12285K [0x000000076e000000, 0x000000077be80000, 0x00000007c0000000)
  eden space 163328K, 0% used [0x000000076e000000,0x000000076e000000,0x0000000777f80000)
  from space 12288K, 99% used [0x0000000778e00000,0x00000007799ff768,0x0000000779a00000)
  to   space 14848K, 0% used [0x0000000777f80000,0x0000000777f80000,0x0000000778e00000)
 ParOldGen       total 93696K, used 8722K [0x00000006ca000000, 0x00000006cfb80000, 0x000000076e000000)
  object space 93696K, 9% used [0x00000006ca000000,0x00000006ca884a00,0x00000006cfb80000)
 Metaspace       used 33162K, capacity 35426K, committed 35496K, reserved 1079296K
  class space    used 4417K, capacity 4895K, committed 4912K, reserved 1048576K
Event: 4.456 GC heap after
Heap after GC invocations=8 (full 2):
 PSYoungGen      total 175616K, used 0K [0x000000076e000000, 0x000000077be80000, 0x00000007c0000000)
  eden space 163328K, 0% used [0x000000076e000000,0x000000076e000000,0x0000000777f80000)
  from space 12288K, 0% used [0x0000000778e00000,0x0000000778e00000,0x0000000779a00000)
  to   space 14848K, 0% used [0x0000000777f80000,0x0000000777f80000,0x0000000778e00000)
 ParOldGen       total 150016K, used 18139K [0x00000006ca000000, 0x00000006d3280000, 0x000000076e000000)
  object space 150016K, 12% used [0x00000006ca000000,0x00000006cb1b6e90,0x00000006d3280000)
 Metaspace       used 33162K, capacity 35426K, committed 35496K, reserved 1079296K
  class space    used 4417K, capacity 4895K, committed 4912K, reserved 1048576K
}
Event: 6.354 GC heap before
{Heap before GC invocations=9 (full 2):
 PSYoungGen      total 175616K, used 163328K [0x000000076e000000, 0x000000077be80000, 0x00000007c0000000)
  eden space 163328K, 100% used [0x000000076e000000,0x0000000777f80000,0x0000000777f80000)
  from space 12288K, 0% used [0x0000000778e00000,0x0000000778e00000,0x0000000779a00000)
  to   space 14848K, 0% used [0x0000000777f80000,0x0000000777f80000,0x0000000778e00000)
 ParOldGen       total 150016K, used 18139K [0x00000006ca000000, 0x00000006d3280000, 0x000000076e000000)
  object space 150016K, 12% used [0x00000006ca000000,0x00000006cb1b6e90,0x00000006d3280000)
 Metaspace       used 43533K, capacity 46616K, committed 46640K, reserved 1089536K
  class space    used 5830K, capacity 6424K, committed 6448K, reserved 1048576K
Event: 6.363 GC heap after
Heap after GC invocations=9 (full 2):
 PSYoungGen      total 178176K, used 13187K [0x000000076e000000, 0x000000077e680000, 0x00000007c0000000)
  eden space 163328K, 0% used [0x000000076e000000,0x000000076e000000,0x0000000777f80000)
  from space 14848K, 88% used [0x0000000777f80000,0x0000000778c60f40,0x0000000778e00000)
  to   space 15872K, 0% used [0x000000077d700000,0x000000077d700000,0x000000077e680000)
 ParOldGen       total 150016K, used 18211K [0x00000006ca000000, 0x00000006d3280000, 0x000000076e000000)
  object space 150016K, 12% used [0x00000006ca000000,0x00000006cb1c8ea0,0x00000006d3280000)
 Metaspace       used 43533K, capacity 46616K, committed 46640K, reserved 1089536K
  class space    used 5830K, capacity 6424K, committed 6448K, reserved 1048576K
}
Event: 19.895 GC heap before
{Heap before GC invocations=10 (full 2):
 PSYoungGen      total 178176K, used 167044K [0x000000076e000000, 0x000000077e680000, 0x00000007c0000000)
  eden space 163328K, 94% used [0x000000076e000000,0x0000000777640150,0x0000000777f80000)
  from space 14848K, 88% used [0x0000000777f80000,0x0000000778c60f40,0x0000000778e00000)
  to   space 15872K, 0% used [0x000000077d700000,0x000000077d700000,0x000000077e680000)
 ParOldGen       total 150016K, used 18211K [0x00000006ca000000, 0x00000006d3280000, 0x000000076e000000)
  object space 150016K, 12% used [0x00000006ca000000,0x00000006cb1c8ea0,0x00000006d3280000)
 Metaspace       used 54989K, capacity 59040K, committed 59160K, reserved 1099776K
  class space    used 7230K, capacity 7983K, committed 7984K, reserved 1048576K
Event: 19.907 GC heap after
Heap after GC invocations=10 (full 2):
 PSYoungGen      total 242688K, used 15855K [0x000000076e000000, 0x000000077e680000, 0x00000007c0000000)
  eden space 226816K, 0% used [0x000000076e000000,0x000000076e000000,0x000000077bd80000)
  from space 15872K, 99% used [0x000000077d700000,0x000000077e67bf20,0x000000077e680000)
  to   space 19456K, 0% used [0x000000077c080000,0x000000077c080000,0x000000077d380000)
 ParOldGen       total 150016K, used 21805K [0x00000006ca000000, 0x00000006d3280000, 0x000000076e000000)
  object space 150016K, 14% used [0x00000006ca000000,0x00000006cb54b730,0x00000006d3280000)
 Metaspace       used 54989K, capacity 59040K, committed 59160K, reserved 1099776K
  class space    used 7230K, capacity 7983K, committed 7984K, reserved 1048576K
}
Event: 19.907 GC heap before
{Heap before GC invocations=11 (full 3):
 PSYoungGen      total 242688K, used 15855K [0x000000076e000000, 0x000000077e680000, 0x00000007c0000000)
  eden space 226816K, 0% used [0x000000076e000000,0x000000076e000000,0x000000077bd80000)
  from space 15872K, 99% used [0x000000077d700000,0x000000077e67bf20,0x000000077e680000)
  to   space 19456K, 0% used [0x000000077c080000,0x000000077c080000,0x000000077d380000)
 ParOldGen       total 150016K, used 21805K [0x00000006ca000000, 0x00000006d3280000, 0x000000076e000000)
  object space 150016K, 14% used [0x00000006ca000000,0x00000006cb54b730,0x00000006d3280000)
 Metaspace       used 54989K, capacity 59040K, committed 59160K, reserved 1099776K
  class space    used 7230K, capacity 7983K, committed 7984K, reserved 1048576K
Event: 20.010 GC heap after
Heap after GC invocations=11 (full 3):
 PSYoungGen      total 242688K, used 0K [0x000000076e000000, 0x000000077e680000, 0x00000007c0000000)
  eden space 226816K, 0% used [0x000000076e000000,0x000000076e000000,0x000000077bd80000)
  from space 15872K, 0% used [0x000000077d700000,0x000000077d700000,0x000000077e680000)
  to   space 19456K, 0% used [0x000000077c080000,0x000000077c080000,0x000000077d380000)
 ParOldGen       total 208896K, used 30543K [0x00000006ca000000, 0x00000006d6c00000, 0x000000076e000000)
  object space 208896K, 14% used [0x00000006ca000000,0x00000006cbdd3d20,0x00000006d6c00000)
 Metaspace       used 54985K, capacity 59034K, committed 59160K, reserved 1099776K
  class space    used 7230K, capacity 7982K, committed 7984K, reserved 1048576K
}

