# JRE version: Java(TM) SE Runtime Environment (8.0_131-b11) (build 1.8.0_131-b11)
# Java VM: Java HotSpot(TM) 64-Bit Server VM (25.131-b11 mixed mode windows-amd64 compressed oops)
Heap:
 PSYoungGen      total 223744K, used 17880K [0x000000076e000000, 0x0000000781580000, 0x00000007c0000000)
  eden space 204800K, 8% used [0x000000076e000000,0x000000076f176130,0x000000077a800000)
  from space 18944K, 0% used [0x000000077a800000,0x000000077a800000,0x000000077ba80000)
  to   space 18944K, 0% used [0x0000000780300000,0x0000000780300000,0x0000000781580000)
 ParOldGen       total 198656K, used 24914K [0x00000006ca000000, 0x00000006d6200000, 0x000000076e000000)
  object space 198656K, 12% used [0x00000006ca000000,0x00000006cb854b90,0x00000006d6200000)
 Metaspace       used 56147K, capacity 60279K, committed 60464K, reserved 1101824K
  class space    used 7359K, capacity 8151K, committed 8240K, reserved 1048576K
GC Heap History (10 events):
Event: 3.575 GC heap before
{Heap before GC invocations=8 (full 2):
 PSYoungGen      total 162816K, used 12271K [0x000000076e000000, 0x000000077b580000, 0x00000007c0000000)
  eden space 150528K, 0% used [0x000000076e000000,0x000000076e000000,0x0000000777300000)
  from space 12288K, 99% used [0x0000000778100000,0x0000000778cfbd50,0x0000000778d00000)
  to   space 14336K, 0% used [0x0000000777300000,0x0000000777300000,0x0000000778100000)
 ParOldGen       total 97280K, used 8667K [0x00000006ca000000, 0x00000006cff00000, 0x000000076e000000)
  object space 97280K, 8% used [0x00000006ca000000,0x00000006ca876cb0,0x00000006cff00000)
 Metaspace       used 33154K, capacity 35445K, committed 35496K, reserved 1079296K
  class space    used 4409K, capacity 4861K, committed 4912K, reserved 1048576K
Event: 3.609 GC heap after
Heap after GC invocations=8 (full 2):
 PSYoungGen      total 162816K, used 0K [0x000000076e000000, 0x000000077b580000, 0x00000007c0000000)
  eden space 150528K, 0% used [0x000000076e000000,0x000000076e000000,0x0000000777300000)
  from space 12288K, 0% used [0x0000000778100000,0x0000000778100000,0x0000000778d00000)
  to   space 14336K, 0% used [0x0000000777300000,0x0000000777300000,0x0000000778100000)
 ParOldGen       total 159744K, used 18099K [0x00000006ca000000, 0x00000006d3c00000, 0x000000076e000000)
  object space 159744K, 11% used [0x00000006ca000000,0x00000006cb1acc38,0x00000006d3c00000)
 Metaspace       used 33154K, capacity 35445K, committed 35496K, reserved 1079296K
  class space    used 4409K, capacity 4861K, committed 4912K, reserved 1048576K
}
Event: 5.199 GC heap before
{Heap before GC invocations=9 (full 2):
 PSYoungGen      total 162816K, used 150528K [0x000000076e000000, 0x000000077b580000, 0x00000007c0000000)
  eden space 150528K, 100% used [0x000000076e000000,0x0000000777300000,0x0000000777300000)
  from space 12288K, 0% used [0x0000000778100000,0x0000000778100000,0x0000000778d00000)
  to   space 14336K, 0% used [0x0000000777300000,0x0000000777300000,0x0000000778100000)
 ParOldGen       total 159744K, used 18099K [0x00000006ca000000, 0x00000006d3c00000, 0x000000076e000000)
  object space 159744K, 11% used [0x00000006ca000000,0x00000006cb1acc38,0x00000006d3c00000)
 Metaspace       used 43161K, capacity 46321K, committed 46384K, reserved 1089536K
  class space    used 5783K, capacity 6392K, committed 6448K, reserved 1048576K
Event: 5.207 GC heap after
Heap after GC invocations=9 (full 2):
 PSYoungGen      total 164864K, used 12392K [0x000000076e000000, 0x000000077cd00000, 0x00000007c0000000)
  eden space 150528K, 0% used [0x000000076e000000,0x000000076e000000,0x0000000777300000)
  from space 14336K, 86% used [0x0000000777300000,0x0000000777f1a040,0x0000000778100000)
  to   space 15360K, 0% used [0x000000077be00000,0x000000077be00000,0x000000077cd00000)
 ParOldGen       total 159744K, used 18171K [0x00000006ca000000, 0x00000006d3c00000, 0x000000076e000000)
  object space 159744K, 11% used [0x00000006ca000000,0x00000006cb1bec48,0x00000006d3c00000)
 Metaspace       used 43161K, capacity 46321K, committed 46384K, reserved 1089536K
  class space    used 5783K, capacity 6392K, committed 6448K, reserved 1048576K
}
Event: 11.420 GC heap before
{Heap before GC invocations=10 (full 2):
 PSYoungGen      total 164864K, used 162920K [0x000000076e000000, 0x000000077cd00000, 0x00000007c0000000)
  eden space 150528K, 100% used [0x000000076e000000,0x0000000777300000,0x0000000777300000)
  from space 14336K, 86% used [0x0000000777300000,0x0000000777f1a040,0x0000000778100000)
  to   space 15360K, 0% used [0x000000077be00000,0x000000077be00000,0x000000077cd00000)
 ParOldGen       total 159744K, used 18171K [0x00000006ca000000, 0x00000006d3c00000, 0x000000076e000000)
  object space 159744K, 11% used [0x00000006ca000000,0x00000006cb1bec48,0x00000006d3c00000)
 Metaspace       used 53592K, capacity 57631K, committed 57776K, reserved 1099776K
  class space    used 7097K, capacity 7843K, committed 7856K, reserved 1048576K
Event: 11.433 GC heap after
Heap after GC invocations=10 (full 2):
 PSYoungGen      total 219136K, used 15338K [0x000000076e000000, 0x000000077cd00000, 0x00000007c0000000)
  eden space 203776K, 0% used [0x000000076e000000,0x000000076e000000,0x000000077a700000)
  from space 15360K, 99% used [0x000000077be00000,0x000000077ccfa810,0x000000077cd00000)
  to   space 18944K, 0% used [0x000000077a800000,0x000000077a800000,0x000000077ba80000)
 ParOldGen       total 159744K, used 21564K [0x00000006ca000000, 0x00000006d3c00000, 0x000000076e000000)
  object space 159744K, 13% used [0x00000006ca000000,0x00000006cb50f2d8,0x00000006d3c00000)
 Metaspace       used 53592K, capacity 57631K, committed 57776K, reserved 1099776K
  class space    used 7097K, capacity 7843K, committed 7856K, reserved 1048576K
}
Event: 11.524 GC heap before
{Heap before GC invocations=11 (full 2):
 PSYoungGen      total 219136K, used 26705K [0x000000076e000000, 0x000000077cd00000, 0x00000007c0000000)
  eden space 203776K, 5% used [0x000000076e000000,0x000000076eb19dc0,0x000000077a700000)
  from space 15360K, 99% used [0x000000077be00000,0x000000077ccfa810,0x000000077cd00000)
  to   space 18944K, 0% used [0x000000077a800000,0x000000077a800000,0x000000077ba80000)
 ParOldGen       total 159744K, used 21564K [0x00000006ca000000, 0x00000006d3c00000, 0x000000076e000000)
  object space 159744K, 13% used [0x00000006ca000000,0x00000006cb50f2d8,0x00000006d3c00000)
 Metaspace       used 55014K, capacity 59091K, committed 59160K, reserved 1099776K
  class space    used 7230K, capacity 7983K, committed 7984K, reserved 1048576K
Event: 11.531 GC heap after
Heap after GC invocations=11 (full 2):
 PSYoungGen      total 223744K, used 13480K [0x000000076e000000, 0x0000000781580000, 0x00000007c0000000)
  eden space 204800K, 0% used [0x000000076e000000,0x000000076e000000,0x000000077a800000)
  from space 18944K, 71% used [0x000000077a800000,0x000000077b52a238,0x000000077ba80000)
  to   space 18944K, 0% used [0x0000000780300000,0x0000000780300000,0x0000000781580000)
 ParOldGen       total 159744K, used 21572K [0x00000006ca000000, 0x00000006d3c00000, 0x000000076e000000)
  object space 159744K, 13% used [0x00000006ca000000,0x00000006cb5112d8,0x00000006d3c00000)
 Metaspace       used 55014K, capacity 59091K, committed 59160K, reserved 1099776K
  class space    used 7230K, capacity 7983K, committed 7984K, reserved 1048576K
}
Event: 11.531 GC heap before
{Heap before GC invocations=12 (full 3):
 PSYoungGen      total 223744K, used 13480K [0x000000076e000000, 0x0000000781580000, 0x00000007c0000000)
  eden space 204800K, 0% used [0x000000076e000000,0x000000076e000000,0x000000077a800000)
  from space 18944K, 71% used [0x000000077a800000,0x000000077b52a238,0x000000077ba80000)
  to   space 18944K, 0% used [0x0000000780300000,0x0000000780300000,0x0000000781580000)
 ParOldGen       total 159744K, used 21572K [0x00000006ca000000, 0x00000006d3c00000, 0x000000076e000000)
  object space 159744K, 13% used [0x00000006ca000000,0x00000006cb5112d8,0x00000006d3c00000)
 Metaspace       used 55014K, capacity 59091K, committed 59160K, reserved 1099776K
  class space    used 7230K, capacity 7983K, committed 7984K, reserved 1048576K
Event: 11.627 GC heap after
Heap after GC invocations=12 (full 3):
 PSYoungGen      total 223744K, used 0K [0x000000076e000000, 0x0000000781580000, 0x00000007c0000000)
  eden space 204800K, 0% used [0x000000076e000000,0x000000076e000000,0x000000077a800000)
  from space 18944K, 0% used [0x000000077a800000,0x000000077a800000,0x000000077ba80000)
  to   space 18944K, 0% used [0x0000000780300000,0x0000000780300000,0x0000000781580000)
 ParOldGen       total 198656K, used 24914K [0x00000006ca000000, 0x00000006d6200000, 0x000000076e000000)
  object space 198656K, 12% used [0x00000006ca000000,0x00000006cb854b90,0x00000006d6200000)
 Metaspace       used 55010K, capacity 59085K, committed 59160K, reserved 1099776K
  class space    used 7229K, capacity 7982K, committed 7984K, reserved 1048576K
}

