# JRE version: Java(TM) SE Runtime Environment (8.0_131-b11) (build 1.8.0_131-b11)
# Java VM: Java HotSpot(TM) 64-Bit Server VM (25.131-b11 mixed mode windows-amd64 compressed oops)
Heap:
 PSYoungGen      total 237056K, used 12213K [0x000000076e000000, 0x0000000784500000, 0x00000007c0000000)
  eden space 217600K, 5% used [0x000000076e000000,0x000000076ebed5c8,0x000000077b480000)
  from space 19456K, 0% used [0x000000077b480000,0x000000077b480000,0x000000077c780000)
  to   space 18944K, 0% used [0x0000000783280000,0x0000000783280000,0x0000000784500000)
 ParOldGen       total 170496K, used 24287K [0x00000006ca000000, 0x00000006d4680000, 0x000000076e000000)
  object space 170496K, 14% used [0x00000006ca000000,0x00000006cb7b7d08,0x00000006d4680000)
 Metaspace       used 56178K, capacity 60290K, committed 60464K, reserved 1101824K
  class space    used 7367K, capacity 8152K, committed 8240K, reserved 1048576K
GC Heap History (10 events):
Event: 3.683 GC heap before
{Heap before GC invocations=8 (full 2):
 PSYoungGen      total 169472K, used 12270K [0x000000076e000000, 0x000000077ba00000, 0x00000007c0000000)
  eden space 157184K, 0% used [0x000000076e000000,0x000000076e000000,0x0000000777980000)
  from space 12288K, 99% used [0x0000000778800000,0x00000007793fb9c8,0x0000000779400000)
  to   space 14848K, 0% used [0x0000000777980000,0x0000000777980000,0x0000000778800000)
 ParOldGen       total 94720K, used 8619K [0x00000006ca000000, 0x00000006cfc80000, 0x000000076e000000)
  object space 94720K, 9% used [0x00000006ca000000,0x00000006ca86ae70,0x00000006cfc80000)
 Metaspace       used 33161K, capacity 35426K, committed 35496K, reserved 1079296K
  class space    used 4419K, capacity 4895K, committed 4912K, reserved 1048576K
Event: 3.717 GC heap after
Heap after GC invocations=8 (full 2):
 PSYoungGen      total 169472K, used 0K [0x000000076e000000, 0x000000077ba00000, 0x00000007c0000000)
  eden space 157184K, 0% used [0x000000076e000000,0x000000076e000000,0x0000000777980000)
  from space 12288K, 0% used [0x0000000778800000,0x0000000778800000,0x0000000779400000)
  to   space 14848K, 0% used [0x0000000777980000,0x0000000777980000,0x0000000778800000)
 ParOldGen       total 153600K, used 18057K [0x00000006ca000000, 0x00000006d3600000, 0x000000076e000000)
  object space 153600K, 11% used [0x00000006ca000000,0x00000006cb1a24d0,0x00000006d3600000)
 Metaspace       used 33161K, capacity 35426K, committed 35496K, reserved 1079296K
  class space    used 4419K, capacity 4895K, committed 4912K, reserved 1048576K
}
Event: 5.530 GC heap before
{Heap before GC invocations=9 (full 2):
 PSYoungGen      total 169472K, used 157184K [0x000000076e000000, 0x000000077ba00000, 0x00000007c0000000)
  eden space 157184K, 100% used [0x000000076e000000,0x0000000777980000,0x0000000777980000)
  from space 12288K, 0% used [0x0000000778800000,0x0000000778800000,0x0000000779400000)
  to   space 14848K, 0% used [0x0000000777980000,0x0000000777980000,0x0000000778800000)
 ParOldGen       total 153600K, used 18057K [0x00000006ca000000, 0x00000006d3600000, 0x000000076e000000)
  object space 153600K, 11% used [0x00000006ca000000,0x00000006cb1a24d0,0x00000006d3600000)
 Metaspace       used 43337K, capacity 46448K, committed 46640K, reserved 1089536K
  class space    used 5807K, capacity 6392K, committed 6448K, reserved 1048576K
Event: 5.539 GC heap after
Heap after GC invocations=9 (full 2):
 PSYoungGen      total 172032K, used 13009K [0x000000076e000000, 0x000000077da80000, 0x00000007c0000000)
  eden space 157184K, 0% used [0x000000076e000000,0x000000076e000000,0x0000000777980000)
  from space 14848K, 87% used [0x0000000777980000,0x0000000778634650,0x0000000778800000)
  to   space 15872K, 0% used [0x000000077cb00000,0x000000077cb00000,0x000000077da80000)
 ParOldGen       total 153600K, used 18129K [0x00000006ca000000, 0x00000006d3600000, 0x000000076e000000)
  object space 153600K, 11% used [0x00000006ca000000,0x00000006cb1b44e0,0x00000006d3600000)
 Metaspace       used 43337K, capacity 46448K, committed 46640K, reserved 1089536K
  class space    used 5807K, capacity 6392K, committed 6448K, reserved 1048576K
}
Event: 13.889 GC heap before
{Heap before GC invocations=10 (full 2):
 PSYoungGen      total 172032K, used 170193K [0x000000076e000000, 0x000000077da80000, 0x00000007c0000000)
  eden space 157184K, 100% used [0x000000076e000000,0x0000000777980000,0x0000000777980000)
  from space 14848K, 87% used [0x0000000777980000,0x0000000778634650,0x0000000778800000)
  to   space 15872K, 0% used [0x000000077cb00000,0x000000077cb00000,0x000000077da80000)
 ParOldGen       total 153600K, used 18129K [0x00000006ca000000, 0x00000006d3600000, 0x000000076e000000)
  object space 153600K, 11% used [0x00000006ca000000,0x00000006cb1b44e0,0x00000006d3600000)
 Metaspace       used 54775K, capacity 58854K, committed 59056K, reserved 1099776K
  class space    used 7221K, capacity 7988K, committed 8112K, reserved 1048576K
Event: 13.900 GC heap after
Heap after GC invocations=10 (full 2):
 PSYoungGen      total 231424K, used 15850K [0x000000076e000000, 0x000000077da80000, 0x00000007c0000000)
  eden space 215552K, 0% used [0x000000076e000000,0x000000076e000000,0x000000077b280000)
  from space 15872K, 99% used [0x000000077cb00000,0x000000077da7a9f0,0x000000077da80000)
  to   space 19456K, 0% used [0x000000077b480000,0x000000077b480000,0x000000077c780000)
 ParOldGen       total 153600K, used 21672K [0x00000006ca000000, 0x00000006d3600000, 0x000000076e000000)
  object space 153600K, 14% used [0x00000006ca000000,0x00000006cb52a2d8,0x00000006d3600000)
 Metaspace       used 54775K, capacity 58854K, committed 59056K, reserved 1099776K
  class space    used 7221K, capacity 7988K, committed 8112K, reserved 1048576K
}
Event: 13.914 GC heap before
{Heap before GC invocations=11 (full 2):
 PSYoungGen      total 231424K, used 18610K [0x000000076e000000, 0x000000077da80000, 0x00000007c0000000)
  eden space 215552K, 1% used [0x000000076e000000,0x000000076e2b1fe0,0x000000077b280000)
  from space 15872K, 99% used [0x000000077cb00000,0x000000077da7a9f0,0x000000077da80000)
  to   space 19456K, 0% used [0x000000077b480000,0x000000077b480000,0x000000077c780000)
 ParOldGen       total 153600K, used 21672K [0x00000006ca000000, 0x00000006d3600000, 0x000000076e000000)
  object space 153600K, 14% used [0x00000006ca000000,0x00000006cb52a2d8,0x00000006d3600000)
 Metaspace       used 54967K, capacity 59014K, committed 59160K, reserved 1099776K
  class space    used 7240K, capacity 8020K, committed 8112K, reserved 1048576K
Event: 13.922 GC heap after
Heap after GC invocations=11 (full 2):
 PSYoungGen      total 237056K, used 12821K [0x000000076e000000, 0x0000000784500000, 0x00000007c0000000)
  eden space 217600K, 0% used [0x000000076e000000,0x000000076e000000,0x000000077b480000)
  from space 19456K, 65% used [0x000000077b480000,0x000000077c105580,0x000000077c780000)
  to   space 18944K, 0% used [0x0000000783280000,0x0000000783280000,0x0000000784500000)
 ParOldGen       total 153600K, used 21680K [0x00000006ca000000, 0x00000006d3600000, 0x000000076e000000)
  object space 153600K, 14% used [0x00000006ca000000,0x00000006cb52c2d8,0x00000006d3600000)
 Metaspace       used 54967K, capacity 59014K, committed 59160K, reserved 1099776K
  class space    used 7240K, capacity 8020K, committed 8112K, reserved 1048576K
}
Event: 13.922 GC heap before
{Heap before GC invocations=12 (full 3):
 PSYoungGen      total 237056K, used 12821K [0x000000076e000000, 0x0000000784500000, 0x00000007c0000000)
  eden space 217600K, 0% used [0x000000076e000000,0x000000076e000000,0x000000077b480000)
  from space 19456K, 65% used [0x000000077b480000,0x000000077c105580,0x000000077c780000)
  to   space 18944K, 0% used [0x0000000783280000,0x0000000783280000,0x0000000784500000)
 ParOldGen       total 153600K, used 21680K [0x00000006ca000000, 0x00000006d3600000, 0x000000076e000000)
  object space 153600K, 14% used [0x00000006ca000000,0x00000006cb52c2d8,0x00000006d3600000)
 Metaspace       used 54967K, capacity 59014K, committed 59160K, reserved 1099776K
  class space    used 7240K, capacity 8020K, committed 8112K, reserved 1048576K
Event: 14.017 GC heap after
Heap after GC invocations=12 (full 3):
 PSYoungGen      total 237056K, used 0K [0x000000076e000000, 0x0000000784500000, 0x00000007c0000000)
  eden space 217600K, 0% used [0x000000076e000000,0x000000076e000000,0x000000077b480000)
  from space 19456K, 0% used [0x000000077b480000,0x000000077b480000,0x000000077c780000)
  to   space 18944K, 0% used [0x0000000783280000,0x0000000783280000,0x0000000784500000)
 ParOldGen       total 170496K, used 24287K [0x00000006ca000000, 0x00000006d4680000, 0x000000076e000000)
  object space 170496K, 14% used [0x00000006ca000000,0x00000006cb7b7d08,0x00000006d4680000)
 Metaspace       used 54964K, capacity 59008K, committed 59160K, reserved 1099776K
  class space    used 7239K, capacity 8019K, committed 8112K, reserved 1048576K
}

